This is pdfTeX, Version 3.141592653-2.6-1.40.25 (TeX Live 2023) (preloaded format=latex 2023.12.2)  4 DEC 2023 12:49
entering extended mode
 restricted \write18 enabled.
 %&-line parsing enabled.
**\makeatletter\def\HCode{\futurelet\HCode\HChar}\def\HChar{\ifx\HCode\def\HCod
e##1{\Link##1}\expandafter\HCode\else\expandafter\Link\fi}\def\Link#1.a.b.c.{\A
ddToHook{class/before}{\RequirePackage[#1,html]{tex4ht}}\let\HCode\documentstyl
e\def\documentstyle{\let\documentstyle\HCode\expandafter\def\csname tex4ht\endc
sname{#1,html}\def\HCode####1{\documentstyle[tex4ht,}\@ifnextchar[{\HCode}{\doc
umentstyle[tex4ht]}}}\makeatother\HCode xhtml,,charset=utf-8,html5.a.b.c.\input
 \detokenize{blog.tex} > nul 2>&1
(./blog.tex (c:/texlive/2023/texmf-dist/tex/generic/tex4ht/tex4ht.sty
version 2023-10-04-13:17
Package: tex4ht 
--------------------------------------
--- Note --- for _ at preamble, use the command line option `early_'
--------------------------------------
--------------------------------------
--- Note --- for ^ at preamble, use the command line option `early^'
--------------------------------------
\tmp:toks=\toks17
) (c:/texlive/2023/texmf-dist/tex/latex/base/article.cls
Document Class: article 2023/05/17 v1.4n Standard LaTeX document class
(c:/texlive/2023/texmf-dist/tex/latex/base/size11.clo
File: size11.clo 2023/05/17 v1.4n Standard LaTeX file (size option)
)
\c@part=\count186
\c@section=\count187
\c@subsection=\count188
\c@subsubsection=\count189
\c@paragraph=\count190
\c@subparagraph=\count191
\c@figure=\count192
\c@table=\count193
\abovecaptionskip=\skip48
\belowcaptionskip=\skip49
\bibindent=\dimen140
) (c:/texlive/2023/texmf-dist/tex/generic/tex4ht/usepackage.4ht
version 2023-11-10-14:22
) (c:/texlive/2023/texmf-dist/tex/latex/amsmath/amsmath.sty
Package: amsmath 2023/05/13 v2.17o AMS math features
\@mathmargin=\skip50
For additional information on amsmath, use the `?' option.
(c:/texlive/2023/texmf-dist/tex/latex/amsmath/amstext.sty
Package: amstext 2021/08/26 v2.01 AMS text
(c:/texlive/2023/texmf-dist/tex/latex/amsmath/amsgen.sty
File: amsgen.sty 1999/11/30 v2.0 generic functions
\@emptytoks=\toks18
\ex@=\dimen141
)) (c:/texlive/2023/texmf-dist/tex/latex/amsmath/amsbsy.sty
Package: amsbsy 1999/11/29 v1.2d Bold Symbols
\pmbraise@=\dimen142
) (c:/texlive/2023/texmf-dist/tex/latex/amsmath/amsopn.sty
Package: amsopn 2022/04/08 v2.04 operator names
)
\inf@bad=\count194
LaTeX Info: Redefining \frac on input line 234.
\uproot@=\count195
\leftroot@=\count196
LaTeX Info: Redefining \overline on input line 399.
LaTeX Info: Redefining \colon on input line 410.
\classnum@=\count197
\DOTSCASE@=\count198
LaTeX Info: Redefining \ldots on input line 496.
LaTeX Info: Redefining \dots on input line 499.
LaTeX Info: Redefining \cdots on input line 620.
\Mathstrutbox@=\box51
\strutbox@=\box52
LaTeX Info: Redefining \big on input line 722.
LaTeX Info: Redefining \Big on input line 723.
LaTeX Info: Redefining \bigg on input line 724.
LaTeX Info: Redefining \Bigg on input line 725.
\big@size=\dimen143
LaTeX Font Info:    Redeclaring font encoding OML on input line 743.
LaTeX Font Info:    Redeclaring font encoding OMS on input line 744.
\macc@depth=\count199
LaTeX Info: Redefining \bmod on input line 905.
LaTeX Info: Redefining \pmod on input line 910.
LaTeX Info: Redefining \smash on input line 940.
LaTeX Info: Redefining \relbar on input line 970.
LaTeX Info: Redefining \Relbar on input line 971.
\c@MaxMatrixCols=\count266
\dotsspace@=\muskip16
\c@parentequation=\count267
\dspbrk@lvl=\count268
\tag@help=\toks19
\row@=\count269
\column@=\count270
\maxfields@=\count271
\andhelp@=\toks20
\eqnshift@=\dimen144
\alignsep@=\dimen145
\tagshift@=\dimen146
\tagwidth@=\dimen147
\totwidth@=\dimen148
\lineht@=\dimen149
\@envbody=\toks21
\multlinegap=\skip51
\multlinetaggap=\skip52
\mathdisplay@stack=\toks22
LaTeX Info: Redefining \[ on input line 2953.
LaTeX Info: Redefining \] on input line 2954.
) (c:/texlive/2023/texmf-dist/tex/latex/amsfonts/amssymb.sty
Package: amssymb 2013/01/14 v3.01 AMS font symbols
(c:/texlive/2023/texmf-dist/tex/latex/amsfonts/amsfonts.sty
Package: amsfonts 2013/01/14 v3.01 Basic AMSFonts support
\symAMSa=\mathgroup4
\symAMSb=\mathgroup5
LaTeX Font Info:    Redeclaring math symbol \hbar on input line 98.
LaTeX Font Info:    Overwriting math alphabet `\mathfrak' in version `bold'
(Font)                  U/euf/m/n --> U/euf/b/n on input line 106.
)) (c:/texlive/2023/texmf-dist/tex/latex/graphics/color.sty
Package: color 2022/01/06 v1.3d Standard LaTeX Color (DPC)
(c:/texlive/2023/texmf-dist/tex/latex/graphics-cfg/color.cfg
File: color.cfg 2016/01/02 v1.6 sample color configuration
)
Package color Info: Driver file: dvips.def on input line 149.
(c:/texlive/2023/texmf-dist/tex/latex/graphics-def/dvips.def
File: dvips.def 2022/09/22 v3.1e Graphics/color driver for dvips
) (c:/texlive/2023/texmf-dist/tex/latex/graphics/dvipsnam.def
File: dvipsnam.def 2016/06/17 v3.0m Driver-dependent file (DPC,SPQR)
) (c:/texlive/2023/texmf-dist/tex/latex/graphics/mathcolor.ltx)) (c:/texlive/20
23/texmf-dist/tex/latex/float/float.sty
Package: float 2001/11/08 v1.3d Float enhancements (AL)
\c@float@type=\count272
\float@exts=\toks23
\float@box=\box53
\@float@everytoks=\toks24
\@floatcapt=\box54
) (c:/texlive/2023/texmf-dist/tex/latex/stmaryrd/stmaryrd.sty
Package: stmaryrd 1994/03/03 St Mary's Road symbol package
\symstmry=\mathgroup6
LaTeX Font Info:    Overwriting symbol font `stmry' in version `bold'
(Font)                  U/stmry/m/n --> U/stmry/b/n on input line 89.
) (c:/texlive/2023/texmf-dist/tex/latex/graphics/graphicx.sty
Package: graphicx 2021/09/16 v1.2d Enhanced LaTeX Graphics (DPC,SPQR)
(c:/texlive/2023/texmf-dist/tex/latex/graphics/keyval.sty
Package: keyval 2022/05/29 v1.15 key=value parser (DPC)
\KV@toks@=\toks25
) (c:/texlive/2023/texmf-dist/tex/generic/tex4ht/graphics-hooks.4ht
version 2022-08-17-14:25
) (c:/texlive/2023/texmf-dist/tex/latex/graphics/graphics.sty
Package: graphics 2022/03/10 v1.4e Standard LaTeX Graphics (DPC,SPQR)
(c:/texlive/2023/texmf-dist/tex/latex/graphics/trig.sty
Package: trig 2021/08/11 v1.11 sin cos tan (DPC)
) (c:/texlive/2023/texmf-dist/tex/latex/graphics-cfg/graphics.cfg
File: graphics.cfg 2016/06/04 v1.11 sample graphics configuration
)
Package graphics Info: Driver file: dvips.def on input line 107.
)
\Gin@req@height=\dimen150
\Gin@req@width=\dimen151
) (c:/texlive/2023/texmf-dist/tex/latex/psfrag/psfrag.sty
Package: psfrag 1998/04/11 v3.04 PSfrag (MCG)
(c:/texlive/2023/texmf-dist/tex/generic/tex4ht/graphics-hooks.4ht
version 2022-08-17-14:25
)
\pfg@pcount=\count273
\pfg@scount=\count274
\pfg@temp=\write3
) (c:/texlive/2023/texmf-dist/tex/generic/epsf/epsf.sty
This is `epsf.tex' v2.7.4 <14 February 2011>
\epsffilein=\read2
\epsfframemargin=\dimen152
\epsfframethickness=\dimen153
\epsfrsize=\dimen154
\epsftmp=\dimen155
\epsftsize=\dimen156
\epsfxsize=\dimen157
\epsfysize=\dimen158
\pspoints=\dimen159
) (c:/texlive/2023/texmf-dist/tex/latex/natbib/natbib.sty
Package: natbib 2010/09/13 8.31b (PWD, AO)
\bibhang=\skip53
\bibsep=\skip54
LaTeX Info: Redefining \cite on input line 694.
\c@NAT@ctr=\count275
) (c:/texlive/2023/texmf-dist/tex/latex/preprint/fullpage.sty
Package: fullpage 1999/02/23 1.1 (PWD)
\FP@margin=\skip55
) (c:/texlive/2023/texmf-dist/tex/latex/setspace/setspace.sty
Package: setspace 2022/12/04 v6.7b set line spacing
) (c:/texlive/2023/texmf-dist/tex/latex/caption/subcaption.sty
Package: subcaption 2023/07/28 v1.6b Sub-captions (AR)
(c:/texlive/2023/texmf-dist/tex/generic/tex4ht/caption-hooks.4ht
version 2022-11-20-07:09
) (c:/texlive/2023/texmf-dist/tex/latex/caption/caption.sty
Package: caption 2023/08/05 v3.6o Customizing captions (AR)
(c:/texlive/2023/texmf-dist/tex/latex/caption/caption3.sty
Package: caption3 2023/07/31 v2.4d caption3 kernel (AR)
\caption@tempdima=\dimen160
\captionmargin=\dimen161
\caption@leftmargin=\dimen162
\caption@rightmargin=\dimen163
\caption@width=\dimen164
\caption@indent=\dimen165
\caption@parindent=\dimen166
\caption@hangindent=\dimen167
Package caption Info: Standard document class detected.
)
\c@caption@flags=\count276
\c@continuedfloat=\count277
Package caption Info: float package is loaded.
)
Package caption Info: New subtype `subfigure' on input line 238.
\c@subfigure=\count278
Package caption Info: New subtype `subtable' on input line 238.
\c@subtable=\count279
) (c:/texlive/2023/texmf-dist/tex/latex/changepage/changepage.sty
Package: changepage 2009/10/20 v1.0c check page and change page layout
\c@cp@cntr=\count280
\cp@tempcnt=\count281
) (c:/texlive/2023/texmf-dist/tex/latex/listings/listings.sty
\lst@mode=\count282
\lst@gtempboxa=\box55
\lst@token=\toks26
\lst@length=\count283
\lst@currlwidth=\dimen168
\lst@column=\count284
\lst@pos=\count285
\lst@lostspace=\dimen169
\lst@width=\dimen170
\lst@newlines=\count286
\lst@lineno=\count287
\lst@maxwidth=\dimen171
(c:/texlive/2023/texmf-dist/tex/latex/listings/lstmisc.sty
File: lstmisc.sty 2023/02/27 1.9 (Carsten Heinz)
\c@lstnumber=\count288
\lst@skipnumbers=\count289
\lst@framebox=\box56
) (c:/texlive/2023/texmf-dist/tex/latex/listings/listings.cfg
File: listings.cfg 2023/02/27 1.9 listings configuration
))
Package: listings 2023/02/27 1.9 (Carsten Heinz)
(c:/texlive/2023/texmf-dist/tex/latex/comment/comment.sty
\CommentStream=\write4
Excluding comment 'comment') (c:/texlive/2023/texmf-dist/tex/generic/tex4ht/tex
4ht.4ht
version 2022-07-05-14:37
--------------------------------------
--- Note --- for additional information, use the command line option `info'
--------------------------------------
::::::::::::::::::::::::::::::::::::::::::
 TeX4ht info is available in the log file 
::::::::::::::::::::::::::::::::::::::::::
) (c:/texlive/2023/texmf-dist/tex/generic/tex4ht/tex4ht.sty
version 2023-10-04-13:17
l.870 --- TeX4ht warning --- nonprimitive \everypar ---
--- needs --- tex4ht blog ---
\tmp:cnt=\count290
\openout15 = `blog.tmp'.

(./blog.tmp)
\tmp:dim=\skip56
(./blog.xref)
\:refout=\write5
\openout5 = `blog.xref'.

(c:/texlive/2023/texmf-dist/tex/generic/tex4ht/html4.4ht
version 2023-11-10-14:22
--------------------------------------
--- Note --- to remove the <?xml version=...?> processing instruction use the c
ommand line option `no-VERSION'
--------------------------------------
--------------------------------------
--- Note --- to remove the DOCTYPE declaration use the command line option `no-
DOCTYPE'
--------------------------------------
) (c:/texlive/2023/texmf-dist/tex/generic/tex4ht/unicode.4ht
version 2023-04-02-08:01
) (c:/texlive/2023/texmf-dist/tex/generic/tex4ht/html4-math.4ht
version 2022-10-25-13:59
) (c:/texlive/2023/texmf-dist/tex/generic/tex4ht/html5.4ht
version 2023-10-09-13:31
)
--------------------------------------
--- Note --- for marking of the base font, use the command line option `fonts+'

--------------------------------------
--------------------------------------
--- Note --- for non active _, use the command line option `no_'
--------------------------------------
--------------------------------------
--- Note --- for _ of catcode 13, use the command line option `_13'
--------------------------------------
--------------------------------------
--- Note --- for non active ^, use the command line option `no^'
--------------------------------------
--------------------------------------
--- Note --- for ^ of catcode 13, use the command line option `^13'
--------------------------------------
(c:/texlive/2023/texmf-dist/tex/generic/tex4ht/html4.4ht
version 2023-11-10-14:22
--------------------------------------
--- Note --- to ignore CSS font decoration, use the `NoFonts' command line opti
on
--------------------------------------
--------------------------------------
--- Note --- for jpg bitmaps of pictures, use the `jpg' command line option. (C
haracter bitmaps are controled only by `g' records of tex4ht.env and `-g' switc
hes of tex4ht.c) 
--------------------------------------
--------------------------------------
--- Note --- for gif bitmaps of pictures, use the `gif' command line option. (C
haracter bitmaps are controled only by `g' records of tex4ht.env and `-g' switc
hes of tex4ht.c) 
--------------------------------------
--------------------------------------
--- Note --- for content and toc in 2 frames, use the command line option `fram
es'
--------------------------------------
--------------------------------------
--- Note --- for content, toc, and footnotes in 3 frames, use the command line 
option `frames-fn'
--------------------------------------
--------------------------------------
--- Note --- for file extension name xht, use the command line option `xht'
--------------------------------------
TeX4ht package options: xhtml,charset=utf-8,html5,html
--------------------------------------
--- Note --- To print a timestamp, use the command line option timestamp
--------------------------------------
--------------------------------------
--- Note --- to ignore CSS code, use the command line option `-css
--------------------------------------
--------------------------------------
--- Note --- for inline CSS code, use the command line option `css-in'
--------------------------------------
--------------------------------------
--- Note --- for pop ups on mouse over, use the command line option `mouseover'

--------------------------------------
--------------------------------------
--- Note --- for addressing images in a subdirectory, use the command line opti
on `imgdir:.../'
--------------------------------------
) (c:/texlive/2023/texmf-dist/tex/generic/tex4ht/unicode.4ht
version 2023-04-02-08:01
) (c:/texlive/2023/texmf-dist/tex/generic/tex4ht/html4-math.4ht
version 2022-10-25-13:59
) (c:/texlive/2023/texmf-dist/tex/generic/tex4ht/html5.4ht
version 2023-10-09-13:31
--------------------------------------
--- Note --- To print a timestamp, use the command line option timestamp
--------------------------------------
--------------------------------------
--- Note --- We use a default CSS style. Use the `nostyle' option if you want t
o use custom a CSS design
--------------------------------------
)
\:tokwrite=\toks27
\:tokpage=\toks28
--------------------------------------
--- Note --- for back links to toc, use the command line option `sections+'
--------------------------------------
--------------------------------------
--- Note --- for linear crosslinks of pages, use the command line option `next'

--------------------------------------
\openout15 = `blog.4ct'.

\:tocout=\write6
\openout6 = `blog.4tc'.

(blog.4tc) (c:/texlive/2023/texmf-dist/tex/generic/tex4ht/html4.4ht
version 2023-11-10-14:22
) (c:/texlive/2023/texmf-dist/tex/generic/tex4ht/unicode.4ht
version 2023-04-02-08:01
) (c:/texlive/2023/texmf-dist/tex/generic/tex4ht/html4-math.4ht
version 2022-10-25-13:59
) (c:/texlive/2023/texmf-dist/tex/generic/tex4ht/html5.4ht
version 2023-10-09-13:31
) (c:/texlive/2023/texmf-dist/tex/generic/tex4ht/latex.4ht
version 2023-11-09-13:34
LaTeX Info: Redefining \_ on input line 180.
LaTeX Info: Redefining \begin on input line 598.
LaTeX Info: Redefining \end on input line 646.
LaTeX Info: Redefining \, on input line 808.
LaTeX Info: Redefining \; on input line 809.
LaTeX Info: Redefining \! on input line 810.
LaTeX Info: Redefining \: on input line 811.
LaTeX Info: Redefining \> on input line 812.
--------------------------------------
--- Note --- for links into captions, instead of float heads, use the command l
ine option `refcaption'
--------------------------------------
(c:/texlive/2023/texmf-dist/tex/generic/tex4ht/html4.4ht
version 2023-11-10-14:22
) (c:/texlive/2023/texmf-dist/tex/generic/tex4ht/unicode.4ht
version 2023-04-02-08:01
) (c:/texlive/2023/texmf-dist/tex/generic/tex4ht/html4-math.4ht
version 2022-10-25-13:59
) (c:/texlive/2023/texmf-dist/tex/generic/tex4ht/html5.4ht
version 2023-10-09-13:31
) (c:/texlive/2023/texmf-dist/tex/generic/tex4ht/html4.4ht
version 2023-11-10-14:22
--------------------------------------
--- Note --- For mini tocs immediately aftter the header use the command line o
ption `minitoc<'
--------------------------------------
--------------------------------------
--- Note --- for enumerated list elements with valued data, use the command lin
e option `enumerate+'
--------------------------------------
--------------------------------------
--- Note --- for enumerated list elements li's with value attributes, use the c
ommand line option `enumerate-'
--------------------------------------
--------------------------------------
--- Note --- for CSS2 code, use the command line option `css2'
--------------------------------------
--------------------------------------
--- Note --- for pictorial tabular, use the command line option `pic-tabular'
--------------------------------------
--------------------------------------
--- Note --- for bitmap fbox'es, use the command line option `pic-fbox'
--------------------------------------
--------------------------------------
--- Note --- for bitmap framebox'es, use the command line option `pic-framebox'

--------------------------------------
--------------------------------------
--- Note --- for inline footnotes use command line option `fn-in'
--------------------------------------
--------------------------------------
--- Note --- for tracing of latex font commands, use the command line option `f
onts'
--------------------------------------
--------------------------------------
--- Note --- for width specifications of tabular p entries, use the `p-width' c
ommand line option or a configuration similar to \Configure{HColWidth}{\HCode{ 
style="width:\HColWidth"}}
--------------------------------------
) (c:/texlive/2023/texmf-dist/tex/generic/tex4ht/unicode.4ht
version 2023-04-02-08:01
) (c:/texlive/2023/texmf-dist/tex/generic/tex4ht/html4-math.4ht
version 2022-10-25-13:59
--------------------------------------
--- Note --- for pictorial eqnarray, use the command line option `pic-eqnarray'

--------------------------------------
--------------------------------------
--- Note --- for pictorial array, use the command line option `pic-array'
--------------------------------------
--------------------------------------
--- Note --- for pictorial $...$ environments, use the command line option `pic
-m' (not recommended!!)
--------------------------------------
--------------------------------------
--- Note --- for pictorial $...$ and $$...$$ environments with latex alt, use t
he command line option `pic-m+' (not safe!!)
--------------------------------------
--------------------------------------
--- Note --- for pictorial array, use the command line option `pic-array'
--------------------------------------
) (c:/texlive/2023/texmf-dist/tex/generic/tex4ht/html5.4ht
version 2023-10-09-13:31
)) (c:/texlive/2023/texmf-dist/tex/generic/tex4ht/fontmath.4ht
version 2022-10-25-13:59
(c:/texlive/2023/texmf-dist/tex/generic/tex4ht/html4.4ht
version 2023-11-10-14:22
) (c:/texlive/2023/texmf-dist/tex/generic/tex4ht/unicode.4ht
version 2023-04-02-08:01
) (c:/texlive/2023/texmf-dist/tex/generic/tex4ht/html4-math.4ht
version 2022-10-25-13:59
) (c:/texlive/2023/texmf-dist/tex/generic/tex4ht/html5.4ht
version 2023-10-09-13:31
)) (c:/texlive/2023/texmf-dist/tex/generic/tex4ht/article.4ht
version 2023-04-10-13:46
(c:/texlive/2023/texmf-dist/tex/generic/tex4ht/html4.4ht
version 2023-11-10-14:22
--------------------------------------
--- Note --- for automatic sectioning pagination, use the command line option `
1', `2', `3', '4', '5', '6', or '7'
--------------------------------------
--------------------------------------
--- Note --- for files named derived from section titles, use the command line 
option `sec-filename'
--------------------------------------
--------------------------------------
--- Note --- for i-columns index, use the command line option `index=i' (e.g., 
index=2)
--------------------------------------
) (c:/texlive/2023/texmf-dist/tex/generic/tex4ht/unicode.4ht
version 2023-04-02-08:01
) (c:/texlive/2023/texmf-dist/tex/generic/tex4ht/html4-math.4ht
version 2022-10-25-13:59
) (c:/texlive/2023/texmf-dist/tex/generic/tex4ht/html5.4ht
version 2023-10-09-13:31
)) (c:/texlive/2023/texmf-dist/tex/generic/tex4ht/amsmath.4ht
version 2023-08-13-13:20
\tmp:muskip=\muskip17
(c:/texlive/2023/texmf-dist/tex/generic/tex4ht/html4.4ht
version 2023-11-10-14:22
) (c:/texlive/2023/texmf-dist/tex/generic/tex4ht/unicode.4ht
version 2023-04-02-08:01
) (c:/texlive/2023/texmf-dist/tex/generic/tex4ht/html4-math.4ht
version 2022-10-25-13:59
LaTeX Info: Redefining \[ on input line 507.
LaTeX Info: Redefining \] on input line 507.
) (c:/texlive/2023/texmf-dist/tex/generic/tex4ht/html5.4ht
version 2023-10-09-13:31
)) (c:/texlive/2023/texmf-dist/tex/generic/tex4ht/amstext.4ht
version 2009-05-21-09:32
(c:/texlive/2023/texmf-dist/tex/generic/tex4ht/html4.4ht
version 2023-11-10-14:22
) (c:/texlive/2023/texmf-dist/tex/generic/tex4ht/unicode.4ht
version 2023-04-02-08:01
) (c:/texlive/2023/texmf-dist/tex/generic/tex4ht/html4-math.4ht
version 2022-10-25-13:59
) (c:/texlive/2023/texmf-dist/tex/generic/tex4ht/html5.4ht
version 2023-10-09-13:31
)) (c:/texlive/2023/texmf-dist/tex/generic/tex4ht/amsbsy.4ht
version 2009-05-21-09:32
(c:/texlive/2023/texmf-dist/tex/generic/tex4ht/html4.4ht
version 2023-11-10-14:22
) (c:/texlive/2023/texmf-dist/tex/generic/tex4ht/unicode.4ht
version 2023-04-02-08:01
) (c:/texlive/2023/texmf-dist/tex/generic/tex4ht/html4-math.4ht
version 2022-10-25-13:59
) (c:/texlive/2023/texmf-dist/tex/generic/tex4ht/html5.4ht
version 2023-10-09-13:31
)) (c:/texlive/2023/texmf-dist/tex/generic/tex4ht/amsopn.4ht
version 2009-05-21-09:32
(c:/texlive/2023/texmf-dist/tex/generic/tex4ht/html4.4ht
version 2023-11-10-14:22
) (c:/texlive/2023/texmf-dist/tex/generic/tex4ht/unicode.4ht
version 2023-04-02-08:01
) (c:/texlive/2023/texmf-dist/tex/generic/tex4ht/html4-math.4ht
version 2022-10-25-13:59
) (c:/texlive/2023/texmf-dist/tex/generic/tex4ht/html5.4ht
version 2023-10-09-13:31
)) (c:/texlive/2023/texmf-dist/tex/generic/tex4ht/amssymb.4ht
version 2009-05-21-09:32
(c:/texlive/2023/texmf-dist/tex/generic/tex4ht/html4.4ht
version 2023-11-10-14:22
) (c:/texlive/2023/texmf-dist/tex/generic/tex4ht/unicode.4ht
version 2023-04-02-08:01
) (c:/texlive/2023/texmf-dist/tex/generic/tex4ht/html4-math.4ht
version 2022-10-25-13:59
) (c:/texlive/2023/texmf-dist/tex/generic/tex4ht/html5.4ht
version 2023-10-09-13:31
)) (c:/texlive/2023/texmf-dist/tex/generic/tex4ht/amsfonts.4ht
version 2009-05-21-09:32
(c:/texlive/2023/texmf-dist/tex/generic/tex4ht/html4.4ht
version 2023-11-10-14:22
) (c:/texlive/2023/texmf-dist/tex/generic/tex4ht/unicode.4ht
version 2023-04-02-08:01
) (c:/texlive/2023/texmf-dist/tex/generic/tex4ht/html4-math.4ht
version 2022-10-25-13:59
) (c:/texlive/2023/texmf-dist/tex/generic/tex4ht/html5.4ht
version 2023-10-09-13:31
)) (c:/texlive/2023/texmf-dist/tex/generic/tex4ht/color.4ht
version 2022-02-01-14:27
(c:/texlive/2023/texmf-dist/tex/generic/tex4ht/html4.4ht
version 2023-11-10-14:22
) (c:/texlive/2023/texmf-dist/tex/generic/tex4ht/unicode.4ht
version 2023-04-02-08:01
) (c:/texlive/2023/texmf-dist/tex/generic/tex4ht/html4-math.4ht
version 2022-10-25-13:59
) (c:/texlive/2023/texmf-dist/tex/generic/tex4ht/html5.4ht
version 2023-10-09-13:31
)) (c:/texlive/2023/texmf-dist/tex/generic/tex4ht/dvips.4ht
version 2009-05-21-09:32
(c:/texlive/2023/texmf-dist/tex/generic/tex4ht/html4.4ht
version 2023-11-10-14:22
) (c:/texlive/2023/texmf-dist/tex/generic/tex4ht/unicode.4ht
version 2023-04-02-08:01
) (c:/texlive/2023/texmf-dist/tex/generic/tex4ht/html4-math.4ht
version 2022-10-25-13:59
) (c:/texlive/2023/texmf-dist/tex/generic/tex4ht/html5.4ht
version 2023-10-09-13:31
)) (c:/texlive/2023/texmf-dist/tex/generic/tex4ht/dvipsnam.4ht
version 2009-05-21-09:32
(c:/texlive/2023/texmf-dist/tex/latex/graphics/dvipsnam.def) (c:/texlive/2023/t
exmf-dist/tex/generic/tex4ht/html4.4ht
version 2023-11-10-14:22
) (c:/texlive/2023/texmf-dist/tex/generic/tex4ht/unicode.4ht
version 2023-04-02-08:01
) (c:/texlive/2023/texmf-dist/tex/generic/tex4ht/html4-math.4ht
version 2022-10-25-13:59
) (c:/texlive/2023/texmf-dist/tex/generic/tex4ht/html5.4ht
version 2023-10-09-13:31
)) (c:/texlive/2023/texmf-dist/tex/generic/tex4ht/float.4ht
version 2009-05-21-09:32
(c:/texlive/2023/texmf-dist/tex/generic/tex4ht/html4.4ht
version 2023-11-10-14:22
) (c:/texlive/2023/texmf-dist/tex/generic/tex4ht/unicode.4ht
version 2023-04-02-08:01
) (c:/texlive/2023/texmf-dist/tex/generic/tex4ht/html4-math.4ht
version 2022-10-25-13:59
) (c:/texlive/2023/texmf-dist/tex/generic/tex4ht/html5.4ht
version 2023-10-09-13:31
)) (c:/texlive/2023/texmf-dist/tex/generic/tex4ht/graphicx.4ht
version 2022-01-12-13:53
(c:/texlive/2023/texmf-dist/tex/generic/tex4ht/html4.4ht
version 2023-11-10-14:22
) (c:/texlive/2023/texmf-dist/tex/generic/tex4ht/unicode.4ht
version 2023-04-02-08:01
) (c:/texlive/2023/texmf-dist/tex/generic/tex4ht/html4-math.4ht
version 2022-10-25-13:59
) (c:/texlive/2023/texmf-dist/tex/generic/tex4ht/html5.4ht
version 2023-10-09-13:31
)) (c:/texlive/2023/texmf-dist/tex/generic/tex4ht/graphics.4ht
version 2022-03-20-14:29
(c:/texlive/2023/texmf-dist/tex/generic/tex4ht/html4.4ht
version 2023-11-10-14:22
--------------------------------------
--- Note --- if included graphics are of degraded quality, try the command line
 options `graphics-num' or `graphics-'. The `num' should provide the density of
 pixels in the bitmaps (e.g., 110). 
--------------------------------------
--------------------------------------
--- Note --- for setting image dimensions, try the option `Gin-dim'; to use per
cents instead of units, use `Gin-perecent'; for key dimensions when bounding bo
x is unavailable try `Gin-dim+'; neither is recommended
--------------------------------------
) (c:/texlive/2023/texmf-dist/tex/generic/tex4ht/unicode.4ht
version 2023-04-02-08:01
) (c:/texlive/2023/texmf-dist/tex/generic/tex4ht/html4-math.4ht
version 2022-10-25-13:59
) (c:/texlive/2023/texmf-dist/tex/generic/tex4ht/html5.4ht
version 2023-10-09-13:31
)) (c:/texlive/2023/texmf-dist/tex/generic/tex4ht/epsf.4ht
version 2009-05-21-09:32
(c:/texlive/2023/texmf-dist/tex/generic/tex4ht/html4.4ht
version 2023-11-10-14:22
) (c:/texlive/2023/texmf-dist/tex/generic/tex4ht/unicode.4ht
version 2023-04-02-08:01
) (c:/texlive/2023/texmf-dist/tex/generic/tex4ht/html4-math.4ht
version 2022-10-25-13:59
) (c:/texlive/2023/texmf-dist/tex/generic/tex4ht/html5.4ht
version 2023-10-09-13:31
)) (c:/texlive/2023/texmf-dist/tex/generic/tex4ht/natbib.4ht
version 2021-06-27-08:11
(c:/texlive/2023/texmf-dist/tex/generic/tex4ht/html4.4ht
version 2023-11-10-14:22
) (c:/texlive/2023/texmf-dist/tex/generic/tex4ht/unicode.4ht
version 2023-04-02-08:01
) (c:/texlive/2023/texmf-dist/tex/generic/tex4ht/html4-math.4ht
version 2022-10-25-13:59
) (c:/texlive/2023/texmf-dist/tex/generic/tex4ht/html5.4ht
version 2023-10-09-13:31
)) (c:/texlive/2023/texmf-dist/tex/generic/tex4ht/subcaption.4ht
version 2023-06-08-13:14
(c:/texlive/2023/texmf-dist/tex/generic/tex4ht/html4.4ht
version 2023-11-10-14:22
) (c:/texlive/2023/texmf-dist/tex/generic/tex4ht/unicode.4ht
version 2023-04-02-08:01
) (c:/texlive/2023/texmf-dist/tex/generic/tex4ht/html4-math.4ht
version 2022-10-25-13:59
) (c:/texlive/2023/texmf-dist/tex/generic/tex4ht/html5.4ht
version 2023-10-09-13:31
)) (c:/texlive/2023/texmf-dist/tex/generic/tex4ht/caption.4ht
version 2022-11-22-14:29
(c:/texlive/2023/texmf-dist/tex/generic/tex4ht/html4.4ht
version 2023-11-10-14:22
) (c:/texlive/2023/texmf-dist/tex/generic/tex4ht/unicode.4ht
version 2023-04-02-08:01
) (c:/texlive/2023/texmf-dist/tex/generic/tex4ht/html4-math.4ht
version 2022-10-25-13:59
) (c:/texlive/2023/texmf-dist/tex/generic/tex4ht/html5.4ht
version 2023-10-09-13:31
)) (c:/texlive/2023/texmf-dist/tex/generic/tex4ht/changepage.4ht
version 2023-10-16-13:09
(c:/texlive/2023/texmf-dist/tex/generic/tex4ht/html4.4ht
version 2023-11-10-14:22
) (c:/texlive/2023/texmf-dist/tex/generic/tex4ht/unicode.4ht
version 2023-04-02-08:01
) (c:/texlive/2023/texmf-dist/tex/generic/tex4ht/html4-math.4ht
version 2022-10-25-13:59
) (c:/texlive/2023/texmf-dist/tex/generic/tex4ht/html5.4ht
version 2023-10-09-13:31
)) (c:/texlive/2023/texmf-dist/tex/generic/tex4ht/listings.4ht
version 2023-07-25-12:42
(c:/texlive/2023/texmf-dist/tex/generic/tex4ht/xcolor-hooks.4ht
version 2020-10-17-13:53
) (c:/texlive/2023/texmf-dist/tex/latex/xcolor/xcolor.sty
Package: xcolor 2023/11/15 v3.01 LaTeX color extensions (UK)
(c:/texlive/2023/texmf-dist/tex/latex/graphics-cfg/color.cfg
File: color.cfg 2016/01/02 v1.6 sample color configuration
)
Package xcolor Info: Driver file: dvips.def on input line 274.
LaTeX Info: Redefining \color on input line 758.
(c:/texlive/2023/texmf-dist/tex/latex/graphics/mathcolor.ltx)
Package xcolor Info: Model `cmy' substituted by `cmy0' on input line 1350.
Package xcolor Info: Model `RGB' extended on input line 1366.
Package xcolor Info: Model `HTML' substituted by `rgb' on input line 1368.
Package xcolor Info: Model `Hsb' substituted by `hsb' on input line 1369.
Package xcolor Info: Model `tHsb' substituted by `hsb' on input line 1370.
Package xcolor Info: Model `HSB' substituted by `hsb' on input line 1371.
Package xcolor Info: Model `Gray' substituted by `gray' on input line 1372.
Package xcolor Info: Model `wave' substituted by `hsb' on input line 1373.
) (c:/texlive/2023/texmf-dist/tex/generic/tex4ht/html4.4ht
version 2023-11-10-14:22
--------------------------------------
--- Note --- to ensure proper alignments use fixed size fonts (see listings.dtx
)
--------------------------------------
) (c:/texlive/2023/texmf-dist/tex/generic/tex4ht/unicode.4ht
version 2023-04-02-08:01
) (c:/texlive/2023/texmf-dist/tex/generic/tex4ht/html4-math.4ht
version 2022-10-25-13:59
) (c:/texlive/2023/texmf-dist/tex/generic/tex4ht/html5.4ht
version 2023-10-09-13:31
)) (c:/texlive/2023/texmf-dist/tex/generic/tex4ht/html4.4ht
version 2023-11-10-14:22
) (c:/texlive/2023/texmf-dist/tex/generic/tex4ht/unicode.4ht
version 2023-04-02-08:01
) (c:/texlive/2023/texmf-dist/tex/generic/tex4ht/html4-math.4ht
version 2022-10-25-13:59
) (c:/texlive/2023/texmf-dist/tex/generic/tex4ht/html5.4ht
version 2023-10-09-13:31
)) (c:/texlive/2023/texmf-dist/tex/latex/l3backend/l3backend-dvips.def
File: l3backend-dvips.def 2023-11-09 L3 backend support: dvips
\l__pdf_internal_box=\box57
\g__pdf_backend_object_int=\count291
\l__pdf_backend_content_box=\box58
\l__pdf_backend_model_box=\box59
\g__pdf_backend_annotation_int=\count292
\g__pdf_backend_link_int=\count293
\g__pdf_backend_link_sf_int=\count294
) (./blog.aux)
\openout1 = `blog.aux'.

LaTeX Font Info:    Checking defaults for OML/cmm/m/it on input line 33.
LaTeX Font Info:    ... okay on input line 33.
LaTeX Font Info:    Checking defaults for OMS/cmsy/m/n on input line 33.
LaTeX Font Info:    ... okay on input line 33.
LaTeX Font Info:    Checking defaults for OT1/cmr/m/n on input line 33.
LaTeX Font Info:    ... okay on input line 33.
LaTeX Font Info:    Checking defaults for T1/cmr/m/n on input line 33.
LaTeX Font Info:    ... okay on input line 33.
LaTeX Font Info:    Checking defaults for TS1/cmr/m/n on input line 33.
LaTeX Font Info:    ... okay on input line 33.
LaTeX Font Info:    Checking defaults for OMX/cmex/m/n on input line 33.
LaTeX Font Info:    ... okay on input line 33.
LaTeX Font Info:    Checking defaults for U/cmr/m/n on input line 33.
LaTeX Font Info:    ... okay on input line 33.
Package caption Info: Begin \AtBeginDocument code.
Package caption Info: End \AtBeginDocument code.
\c@lstlisting=\count295
--- file blog.css ---
[1

] [2]
LaTeX Font Info:    Trying to load font information for U+msa on input line 35.

(c:/texlive/2023/texmf-dist/tex/latex/amsfonts/umsa.fd
File: umsa.fd 2013/01/14 v3.01 AMS symbols A
)
LaTeX Font Info:    Trying to load font information for U+msb on input line 35.

(c:/texlive/2023/texmf-dist/tex/latex/amsfonts/umsb.fd
File: umsb.fd 2013/01/14 v3.01 AMS symbols B
)
LaTeX Font Info:    Trying to load font information for U+stmry on input line 3
5.
(c:/texlive/2023/texmf-dist/tex/latex/stmaryrd/Ustmry.fd) [3]
l. 52 Writing blog.idv[1] (blog0x.png)
Excluding 'comment' comment. [4]
l. 75 Writing blog.idv[2] (blog1x.png)
[5]
l. 77 Writing blog.idv[3] (blog2x.png)
[6] [7

]
l.85 --- TeX4ht warning --- File `"nocolor.xbb"' not found ---
l.85 --- TeX4ht warning --- Cannot determine size of graphic in "nocolor.xbb" (
no BoundingBox) ---
l. 85 --- needs --- nocolor.png ---
[8

] [9

] [10

]
l.93 --- TeX4ht warning --- File `"clustering.xbb"' not found ---
l.93 --- TeX4ht warning --- Cannot determine size of graphic in "clustering.xbb
" (no BoundingBox) ---
l. 93 --- needs --- clustering.png ---
[11

] [12

] [13

]
l.105 --- TeX4ht warning --- File `"tensor.xbb"' not found ---
l.105 --- TeX4ht warning --- Cannot determine size of graphic in "tensor.xbb" (
no BoundingBox) ---
l. 105 --- needs --- tensor.png ---
[14

]
l. 110 Writing blog.idv[4] (blog3x.png)
l. 110 Writing blog.idv[5] (blog4x.png)
l. 111 Writing blog.idv[6] (blog5x.png)
l. 115 Writing blog.idv[7] (blog6x.png)
l. 120 Writing blog.idv[8] (blog7x.png)
l. 120 Writing blog.idv[9] (blog8x.png)
l. 120 Writing blog.idv[10] (blog9x.png)
[15

]
l. 121 Writing blog.idv[11] (blog10x.png)
l. 129 Writing blog.idv[12] (blog11x.png)
l. 130 Writing blog.idv[13] (blog12x.png)
l. 132 Writing blog.idv[14] (blog13x.png)
[16]
l. 135 Writing blog.idv[15] (blog14x.png)
l. 140 Writing blog.idv[16] (blog15x.png)
l. 143 Writing blog.idv[17] (blog16x.png)
l. 147 Writing blog.idv[18] (blog17x.png)
[17]
l. 161 Writing blog.idv[19] (blog18x.png)
l. 161 Writing blog.idv[20] (blog19x.png)
l. 162 Writing blog.idv[21] (blog20x.png)
[18]
l. 166 Writing blog.idv[22] (blog21x.png)
l. 170 Writing blog.idv[23] (blog22x.png)
l. 173 Writing blog.idv[24] (blog23x.png)
l. 175 Writing blog.idv[25] (blog24x.png)
[19]
l. 181 Writing blog.idv[26] (blog25x.png)
l. 181 Writing blog.idv[27] (blog26x.png)
l. 183 Writing blog.idv[28] (blog27x.png)
l. 187 Writing blog.idv[29] (blog28x.png)
l. 191 Writing blog.idv[30] (blog29x.png)
[20]
l. 194 Writing blog.idv[31] (blog30x.png)
l. 195 Writing blog.idv[32] (blog31x.png)
l. 203 Writing blog.idv[33] (blog32x.png)
l. 206 Writing blog.idv[34] (blog33x.png)
l. 207 Writing blog.idv[35] (blog34x.png)
[21]
l. 211 Writing blog.idv[36] (blog35x.png)
l. 211 Writing blog.idv[37] (blog36x.png)
l. 212 Writing blog.idv[38] (blog37x.png)
l. 216 Writing blog.idv[39] (blog38x.png)
[22]
l. 224 Writing blog.idv[40] (blog39x.png)
l. 225 Writing blog.idv[41] (blog40x.png)
l. 229 Writing blog.idv[42] (blog41x.png)
l. 233 Writing blog.idv[43] (blog42x.png)
[23]
l. 239 Writing blog.idv[44] (blog43x.png)
l. 243 Writing blog.idv[45] (blog44x.png)
l. 247 Writing blog.idv[46] (blog45x.png)
[24]
l. 252 Writing blog.idv[47] (blog46x.png)
l. 255 Writing blog.idv[48] (blog47x.png)
l. 255 Writing blog.idv[49] (blog48x.png)
l. 256 Writing blog.idv[50] (blog49x.png)
l. 266 Writing blog.idv[51] (blog50x.png)
l. 266 Writing blog.idv[52] (blog51x.png)
l. 266 Writing blog.idv[53] (blog52x.png)
l. 266 Writing blog.idv[54] (blog53x.png)
l. 267 Writing blog.idv[55] (blog54x.png)
l. 272 Writing blog.idv[56] (blog55x.png)
[25]
l. 274 Writing blog.idv[57] (blog56x.png)
l. 277 Writing blog.idv[58] (blog57x.png)
l. 277 Writing blog.idv[59] (blog58x.png)
l. 279 Writing blog.idv[60] (blog59x.png)
l. 282 Writing blog.idv[61] (blog60x.png)
l. 283 Writing blog.idv[62] (blog61x.png)
l. 286 Writing blog.idv[63] (blog62x.png)
[26]
l. 290 Writing blog.idv[64] (blog63x.png)
l. 293 Writing blog.idv[65] (blog64x.png)
l. 293 Writing blog.idv[66] (blog65x.png)
l. 296 Writing blog.idv[67] (blog66x.png)
[27]
l. 307 Writing blog.idv[68] (blog67x.png)

LaTeX Font Warning: Font shape `U/stmry/b/n' undefined
(Font)              using `U/stmry/m/n' instead on input line 308.

l. 311 Writing blog.idv[69] (blog68x.png)
[28] [29] [30

] [31

]
l. 341 Writing blog.idv[70] (blog69x.png)
[32

] [33] [34

] [35

] [36

] [37

] [38

] [39

] [40

]
l.387 --- TeX4ht warning --- File `"sim_error.xbb"' not found ---
l.387 --- TeX4ht warning --- Cannot determine size of graphic in "sim_error.xbb
" (no BoundingBox) ---
l. 387 --- needs --- sim_error.png ---
[41

] [42

] [43

]
l.394 --- TeX4ht warning --- File `"sim_time.xbb"' not found ---
l.394 --- TeX4ht warning --- Cannot determine size of graphic in "sim_time.xbb"
 (no BoundingBox) ---
l. 394 --- needs --- sim_time.png ---
[44

] Excluding 'comment' comment. (./blog.bbl) [45

] (./blog.aux)
 ***********
LaTeX2e <2023-11-01>
L3 programming layer <2023-11-09>
 ***********

LaTeX Font Warning: Some font shapes were not available, defaults substituted.

 ) 
Here is how much of TeX's memory you used:
 11568 strings out of 474268
 168529 string characters out of 5751485
 1935555 words of memory out of 5000000
 33402 multiletter control sequences out of 15000+600000
 570731 words of font info for 84 fonts, out of 8000000 for 9000
 1141 hyphenation exceptions out of 8191
 70i,15n,89p,1724b,510s stack positions out of 10000i,1000n,20000p,200000b,200000s

Output written on blog.dvi (45 pages, 113192 bytes).
